<?xml version="1.0" encoding="UTF-8"?>
<testng-results ignored="0" total="1" passed="1" failed="0" skipped="0">
  <reporter-output>
  </reporter-output>
  <suite started-at="2025-07-25T15:40:08 IST" name="Default suite" finished-at="2025-07-25T15:40:12 IST" duration-ms="3928">
    <groups>
    </groups>
    <test started-at="2025-07-25T15:40:08 IST" name="Default test" finished-at="2025-07-25T15:40:12 IST" duration-ms="3928">
      <class name="DropDownBoxes.FacebookMonthList1">
        <test-method signature="FaceBookMonth()[pri:0, instance:DropDownBoxes.FacebookMonthList1@33d512c1]" started-at="2025-07-25T15:40:08 IST" name="FaceBookMonth" finished-at="2025-07-25T15:40:12 IST" duration-ms="3902" status="PASS">
          <reporter-output>
          </reporter-output>
        </test-method> <!-- FaceBookMonth -->
      </class> <!-- DropDownBoxes.FacebookMonthList1 -->
    </test> <!-- Default test -->
  </suite> <!-- Default suite -->
</testng-results>
