<?xml version="1.0" encoding="UTF-8"?>
<testng-results ignored="0" total="1" passed="1" failed="0" skipped="0">
  <reporter-output>
  </reporter-output>
  <suite started-at="2025-07-28T14:22:07 IST" name="Default suite" finished-at="2025-07-28T14:22:13 IST" duration-ms="5800">
    <groups>
    </groups>
    <test started-at="2025-07-28T14:22:07 IST" name="Default test" finished-at="2025-07-28T14:22:13 IST" duration-ms="5800">
      <class name="screenShotsDemo.TestScreenShots">
        <test-method signature="Browser()[pri:0, instance:screenShotsDemo.TestScreenShots@22ff4249]" started-at="2025-07-28T14:22:07 IST" name="Browser" finished-at="2025-07-28T14:22:13 IST" duration-ms="5764" status="PASS">
          <reporter-output>
          </reporter-output>
        </test-method> <!-- Browser -->
      </class> <!-- screenShotsDemo.TestScreenShots -->
    </test> <!-- Default test -->
  </suite> <!-- Default suite -->
</testng-results>
