<?xml version="1.0" encoding="UTF-8"?>
<testng-results ignored="0" total="1" passed="1" failed="0" skipped="0">
  <reporter-output>
  </reporter-output>
  <suite started-at="2025-07-25T17:18:15 IST" name="Default suite" finished-at="2025-07-25T17:18:22 IST" duration-ms="7478">
    <groups>
    </groups>
    <test started-at="2025-07-25T17:18:15 IST" name="Default test" finished-at="2025-07-25T17:18:22 IST" duration-ms="7478">
      <class name="alertHandling.AlertPopups">
        <test-method signature="fillFormAndHandleAlert()[pri:0, instance:alertHandling.AlertPopups@639c2c1d]" started-at="2025-07-25T17:18:15 IST" name="fillFormAndHandleAlert" finished-at="2025-07-25T17:18:22 IST" duration-ms="7446" status="PASS">
          <reporter-output>
          </reporter-output>
        </test-method> <!-- fillFormAndHandleAlert -->
      </class> <!-- alertHandling.AlertPopups -->
    </test> <!-- Default test -->
  </suite> <!-- Default suite -->
</testng-results>
