<?xml version="1.0" encoding="UTF-8"?>
<testng-results ignored="0" total="1" passed="1" failed="0" skipped="0">
  <reporter-output>
  </reporter-output>
  <suite started-at="2025-07-28T12:39:05 IST" name="Default suite" finished-at="2025-07-28T12:39:30 IST" duration-ms="25816">
    <groups>
    </groups>
    <test started-at="2025-07-28T12:39:05 IST" name="Default test" finished-at="2025-07-28T12:39:30 IST" duration-ms="25816">
      <class name="ReadExcelData.DDTCaseStudy">
        <test-method is-config="true" signature="setup()[pri:0, instance:ReadExcelData.DDTCaseStudy@3a52dba3]" started-at="2025-07-28T12:39:05 IST" name="setup" finished-at="2025-07-28T12:39:11 IST" duration-ms="6085" status="PASS">
          <reporter-output>
          </reporter-output>
        </test-method> <!-- setup -->
        <test-method signature="locatorsTestingBlog()[pri:0, instance:ReadExcelData.DDTCaseStudy@3a52dba3]" started-at="2025-07-28T12:39:11 IST" name="locatorsTestingBlog" finished-at="2025-07-28T12:39:30 IST" duration-ms="19655" status="PASS">
          <reporter-output>
          </reporter-output>
        </test-method> <!-- locatorsTestingBlog -->
      </class> <!-- ReadExcelData.DDTCaseStudy -->
    </test> <!-- Default test -->
  </suite> <!-- Default suite -->
</testng-results>
