<?xml version="1.0" encoding="UTF-8"?>
<testng-results ignored="0" total="1" passed="1" failed="0" skipped="0">
  <reporter-output>
  </reporter-output>
  <suite started-at="2025-07-28T10:38:56 IST" name="Default suite" finished-at="2025-07-28T10:39:21 IST" duration-ms="25589">
    <groups>
    </groups>
    <test started-at="2025-07-28T10:38:56 IST" name="Default test" finished-at="2025-07-28T10:39:21 IST" duration-ms="25589">
      <class name="RadioButtons.EasyMyTripRadioButtons">
        <test-method signature="TestRadioBtn()[pri:0, instance:RadioButtons.EasyMyTripRadioButtons@639c2c1d]" started-at="2025-07-28T10:38:56 IST" name="TestRadioBtn" finished-at="2025-07-28T10:39:21 IST" duration-ms="25545" status="PASS">
          <reporter-output>
          </reporter-output>
        </test-method> <!-- TestRadioBtn -->
      </class> <!-- RadioButtons.EasyMyTripRadioButtons -->
    </test> <!-- Default test -->
  </suite> <!-- Default suite -->
</testng-results>
