<?xml version="1.0" encoding="UTF-8"?>
<testng-results ignored="0" total="1" passed="1" failed="0" skipped="0">
  <reporter-output>
  </reporter-output>
  <suite started-at="2025-07-25T12:52:58 IST" name="Default suite" finished-at="2025-07-25T12:53:08 IST" duration-ms="9328">
    <groups>
    </groups>
    <test started-at="2025-07-25T12:52:58 IST" name="Default test" finished-at="2025-07-25T12:53:08 IST" duration-ms="9328">
      <class name="testcases.EasyCalculationAutomation">
        <test-method signature="DemoTestID()[pri:0, instance:testcases.EasyCalculationAutomation@639c2c1d]" started-at="2025-07-25T12:52:58 IST" name="DemoTestID" finished-at="2025-07-25T12:53:08 IST" duration-ms="9299" status="PASS">
          <reporter-output>
          </reporter-output>
        </test-method> <!-- DemoTestID -->
      </class> <!-- testcases.EasyCalculationAutomation -->
    </test> <!-- Default test -->
  </suite> <!-- Default suite -->
</testng-results>
