<?xml version="1.0" encoding="UTF-8"?>
<testng-results ignored="0" total="1" passed="1" failed="0" skipped="0">
  <reporter-output>
  </reporter-output>
  <suite started-at="2025-07-28T14:48:39 IST" name="Default suite" finished-at="2025-07-28T14:48:55 IST" duration-ms="15919">
    <groups>
    </groups>
    <test started-at="2025-07-28T14:48:39 IST" name="Default test" finished-at="2025-07-28T14:48:55 IST" duration-ms="15919">
      <class name="HandlingScroll.TestScrollBy1">
        <test-method signature="testScrollBy()[pri:0, instance:HandlingScroll.TestScrollBy1@314b8f2d]" started-at="2025-07-28T14:48:39 IST" name="testScrollBy" finished-at="2025-07-28T14:48:55 IST" duration-ms="15841" status="PASS">
          <reporter-output>
          </reporter-output>
        </test-method> <!-- testScrollBy -->
      </class> <!-- HandlingScroll.TestScrollBy1 -->
    </test> <!-- Default test -->
  </suite> <!-- Default suite -->
</testng-results>
