<?xml version="1.0" encoding="UTF-8"?>
<testng-results ignored="0" total="1" passed="1" failed="0" skipped="0">
  <reporter-output>
  </reporter-output>
  <suite started-at="2025-07-25T17:02:03 IST" name="Default suite" finished-at="2025-07-25T17:02:14 IST" duration-ms="11187">
    <groups>
    </groups>
    <test started-at="2025-07-25T17:02:03 IST" name="Default test" finished-at="2025-07-25T17:02:14 IST" duration-ms="11187">
      <class name="HandlingAlerts.AlertPopups">
        <test-method signature="handleAlerts()[pri:0, instance:HandlingAlerts.AlertPopups@639c2c1d]" started-at="2025-07-25T17:02:03 IST" name="handleAlerts" finished-at="2025-07-25T17:02:14 IST" duration-ms="11153" status="PASS">
          <reporter-output>
          </reporter-output>
        </test-method> <!-- handleAlerts -->
      </class> <!-- HandlingAlerts.AlertPopups -->
    </test> <!-- Default test -->
  </suite> <!-- Default suite -->
</testng-results>
